{"/Users/xianheyu/GitHub/Starting_Form/src/Data/state.js": {"path":"/Users/xianheyu/GitHub/Starting_Form/src/Data/state.js","statementMap":{"0":{"start":{"line":1,"column":23},"end":{"line":1,"column":32}},"1":{"start":{"line":2,"column":25},"end":{"line":2,"column":36}},"2":{"start":{"line":3,"column":23},"end":{"line":3,"column":32}}},"fnMap":{},"branchMap":{},"s":{"0":1,"1":1,"2":1},"f":{},"b":{},"_coverageSchema":"332fd63041d2c1bcb487cc26dd0d5f7d97098a6c","hash":"936adc5e47d8795f1220f0fdc37b3e47bf57dffd"}
,"/Users/xianheyu/GitHub/Starting_Form/src/Validator/handleValidator.js": {"path":"/Users/xianheyu/GitHub/Starting_Form/src/Validator/handleValidator.js","statementMap":{"0":{"start":{"line":4,"column":4},"end":{"line":4,"column":34}},"1":{"start":{"line":4,"column":19},"end":{"line":4,"column":34}},"2":{"start":{"line":5,"column":4},"end":{"line":6,"column":23}},"3":{"start":{"line":6,"column":8},"end":{"line":6,"column":23}},"4":{"start":{"line":7,"column":4},"end":{"line":7,"column":21}},"5":{"start":{"line":11,"column":4},"end":{"line":11,"column":39}}},"fnMap":{"0":{"name":"emailValidator","decl":{"start":{"line":3,"column":16},"end":{"line":3,"column":30}},"loc":{"start":{"line":3,"column":36},"end":{"line":8,"column":1}}},"1":{"name":"nameValidator","decl":{"start":{"line":10,"column":16},"end":{"line":10,"column":29}},"loc":{"start":{"line":10,"column":35},"end":{"line":12,"column":1}}}},"branchMap":{"0":{"loc":{"start":{"line":4,"column":4},"end":{"line":4,"column":34}},"type":"if","locations":[{"start":{"line":4,"column":4},"end":{"line":4,"column":34}},{"start":{"line":4,"column":4},"end":{"line":4,"column":34}}]},"1":{"loc":{"start":{"line":5,"column":4},"end":{"line":6,"column":23}},"type":"if","locations":[{"start":{"line":5,"column":4},"end":{"line":6,"column":23}},{"start":{"line":5,"column":4},"end":{"line":6,"column":23}}]},"2":{"loc":{"start":{"line":5,"column":7},"end":{"line":5,"column":47}},"type":"binary-expr","locations":[{"start":{"line":5,"column":7},"end":{"line":5,"column":25}},{"start":{"line":5,"column":29},"end":{"line":5,"column":47}}]},"3":{"loc":{"start":{"line":11,"column":11},"end":{"line":11,"column":38}},"type":"cond-expr","locations":[{"start":{"line":11,"column":21},"end":{"line":11,"column":28}},{"start":{"line":11,"column":31},"end":{"line":11,"column":38}}]}},"s":{"0":2,"1":1,"2":1,"3":1,"4":0,"5":0},"f":{"0":2,"1":0},"b":{"0":[1,1],"1":[1,0],"2":[1,1],"3":[0,0]},"_coverageSchema":"332fd63041d2c1bcb487cc26dd0d5f7d97098a6c","hash":"7c59e258934998e36f3b6b8c68c0a43e3755d03d"}
,"/Users/xianheyu/GitHub/Starting_Form/test/sum.js": {"path":"/Users/xianheyu/GitHub/Starting_Form/test/sum.js","statementMap":{"0":{"start":{"line":2,"column":2},"end":{"line":2,"column":15}},"1":{"start":{"line":5,"column":0},"end":{"line":5,"column":21}}},"fnMap":{"0":{"name":"sum","decl":{"start":{"line":1,"column":9},"end":{"line":1,"column":12}},"loc":{"start":{"line":1,"column":19},"end":{"line":3,"column":1}}}},"branchMap":{},"s":{"0":0,"1":1},"f":{"0":0},"b":{},"_coverageSchema":"332fd63041d2c1bcb487cc26dd0d5f7d97098a6c","hash":"0a7d1662d752408bd5ad0f019ccc976bc45e3642"}
}
