TN:
SF:/Users/xianheyu/GitHub/Starting_Form/src/Data/state.js
FNF:0
FNH:0
DA:1,1
DA:2,1
DA:3,1
LF:3
LH:3
BRF:0
BRH:0
end_of_record
TN:
SF:/Users/xianheyu/GitHub/Starting_Form/src/Validator/handleValidator.js
FN:3,emailValidator
FN:10,nameValidator
FNF:2
FNH:1
FNDA:2,emailValidator
FNDA:0,nameValidator
DA:4,2
DA:5,1
DA:6,1
DA:7,0
DA:11,0
LF:5
LH:3
BRDA:4,0,0,1
BRDA:4,0,1,1
BRDA:5,1,0,1
BRDA:5,1,1,0
BRDA:5,2,0,1
BRDA:5,2,1,1
BRDA:11,3,0,0
BRDA:11,3,1,0
BRF:8
BRH:5
end_of_record
TN:
SF:/Users/xianheyu/GitHub/Starting_Form/test/sum.js
FN:1,sum
FNF:1
FNH:0
FNDA:0,sum
DA:2,0
DA:5,1
LF:2
LH:1
BRF:0
BRH:0
end_of_record
